permissionNuggets/app/build/intermediates/manifest_merge_blame_file/debug/manifest-merger-blame-debug-report.txt
1<?xml version="1.0" encoding="utf-8"?>
2<manifest xmlns:android="http://schemas.android.com/apk/res/android"
3    package="com.example.myapplication"
4    android:versionCode="1"
5    android:versionName="1.0" >
6
7    <uses-sdk
8        android:minSdkVersion="22"
8-->src/main/AndroidManifest.xml
9        android:targetSdkVersion="28" />
9-->src/main/AndroidManifest.xml
10
11    <uses-permission android:name="android.permission.ACCESS_FINE_LOCATION" />
11-->src/main/AndroidManifest.xml:4:5-78
11-->src/main/AndroidManifest.xml:4:22-76
12    <uses-permission android:name="android.permission.READ_EXTERNAL_STORAGE" />
12-->src/main/AndroidManifest.xml:5:5-79
12-->src/main/AndroidManifest.xml:5:22-77
13
14    <!-- Creating Permission to receive Google Maps -->
15    <permission
15-->src/main/AndroidManifest.xml:78:5-80:47
16        android:name="com.example.app.permission.MAPS_RECEIVE"
16-->src/main/AndroidManifest.xml:79:9-63
17        android:protectionLevel="signature" />
17-->src/main/AndroidManifest.xml:80:9-44
18
19    <!-- Permission to receive Google Maps -->
20    <uses-permission android:name="com.example.app.permission.MAPS_RECEIVE" />
20-->src/main/AndroidManifest.xml:83:5-79
20-->src/main/AndroidManifest.xml:83:22-76
21    <uses-permission android:name="android.permission.INTERNET" />
21-->src/main/AndroidManifest.xml:84:5-66
21-->src/main/AndroidManifest.xml:84:22-64
22
23    <meta-data
23-->src/main/AndroidManifest.xml:86:5-88:65
24        android:name="com.google.android.gms.version"
24-->src/main/AndroidManifest.xml:87:9-54
25        android:value="@integer/google_play_services_version" />
25-->src/main/AndroidManifest.xml:88:9-62
26
27    <!-- Include required permissions for Google Maps API to run. -->
28    <uses-permission android:name="android.permission.ACCESS_NETWORK_STATE" />
28-->[com.google.android.gms:play-services-maps:17.0.0] AndroidManifest.xml:23:5-79
28-->[com.google.android.gms:play-services-maps:17.0.0] AndroidManifest.xml:23:22-76
29
30    <uses-feature
30-->[com.google.android.gms:play-services-maps:17.0.0] AndroidManifest.xml:26:5-28:35
31        android:glEsVersion="0x00020000"
31-->[com.google.android.gms:play-services-maps:17.0.0] AndroidManifest.xml:27:9-41
32        android:required="true" />
32-->[com.google.android.gms:play-services-maps:17.0.0] AndroidManifest.xml:28:9-32
33    <!--
34         The ACCESS_COARSE/FINE_LOCATION permissions are not required to use
35         Google Maps Android API v2, but you must specify either coarse or fine
36         location permissions for the 'MyLocation' functionality.
37    -->
38    <application
38-->src/main/AndroidManifest.xml:12:5-75:19
39        android:allowBackup="true"
39-->src/main/AndroidManifest.xml:13:9-35
40        android:appComponentFactory="androidx.core.app.CoreComponentFactory"
40-->[androidx.core:core:1.1.0] AndroidManifest.xml:24:18-86
41        android:debuggable="true"
42        android:icon="@mipmap/ic_launcher"
42-->src/main/AndroidManifest.xml:14:9-43
43        android:label="@string/app_name"
43-->src/main/AndroidManifest.xml:15:9-41
44        android:roundIcon="@mipmap/ic_launcher_round"
44-->src/main/AndroidManifest.xml:16:9-54
45        android:supportsRtl="true"
45-->src/main/AndroidManifest.xml:17:9-35
46        android:theme="@style/AppTheme" >
46-->src/main/AndroidManifest.xml:18:9-40
47
48        <!-- The main menu -->
49        <activity android:name="com.example.myapplication.MainActivity" >
49-->src/main/AndroidManifest.xml:21:9-27:20
49-->src/main/AndroidManifest.xml:21:19-47
50            <intent-filter>
50-->src/main/AndroidManifest.xml:22:13-26:29
51                <action android:name="android.intent.action.MAIN" />
51-->src/main/AndroidManifest.xml:23:17-69
51-->src/main/AndroidManifest.xml:23:25-66
52
53                <category android:name="android.intent.category.LAUNCHER" />
53-->src/main/AndroidManifest.xml:25:17-77
53-->src/main/AndroidManifest.xml:25:27-74
54            </intent-filter>
55        </activity>
56
57        <!-- survey -->
58        <activity
58-->src/main/AndroidManifest.xml:30:9-32:20
59            android:name="com.example.myapplication.SurveyActivity"
59-->src/main/AndroidManifest.xml:30:19-49
60            android:label="@string/title_survey" >
60-->src/main/AndroidManifest.xml:31:13-49
61        </activity>
62
63        <!-- google maps -->
64        <!--
65             The API key for Google Maps-based APIs is defined as a string resource.
66             (See the file "res/values/google_map5s_api.xml").
67             Note that the API key is linked to the encryption key used to sign the APK.
68             You need a different API key for each encryption key, including the release key that is used to
69             sign the APK for publishing.
70             You can define the keys for the debug and release targets in src/debug/ and src/release/.
71        -->
72        <activity
72-->src/main/AndroidManifest.xml:44:9-52:20
73            android:name="com.example.myapplication.MapsActivity"
73-->src/main/AndroidManifest.xml:45:13-41
74            android:label="@string/title_activity_maps"
74-->src/main/AndroidManifest.xml:46:13-56
75            android:parentActivityName="com.example.myapplication.MainActivity" >
75-->src/main/AndroidManifest.xml:47:13-55
76
77            <!-- The meta-data tag is required if you support API level 15 and lower -->
78            <meta-data
78-->src/main/AndroidManifest.xml:49:13-51:49
79                android:name="android.support.PARENT_ACTIVITY"
79-->src/main/AndroidManifest.xml:50:17-63
80                android:value=".MainActivity" />
80-->src/main/AndroidManifest.xml:51:17-46
81        </activity>
82
83        <!-- settings -->
84        <activity
84-->src/main/AndroidManifest.xml:55:9-58:20
85            android:name="com.example.myapplication.SettingsActivity"
85-->src/main/AndroidManifest.xml:56:13-45
86            android:label="@string/title_settings" >
86-->src/main/AndroidManifest.xml:57:13-51
87        </activity>
88
89        <!-- history -->
90        <activity
90-->src/main/AndroidManifest.xml:61:9-64:20
91            android:name="com.example.myapplication.HistoryActivity"
91-->src/main/AndroidManifest.xml:62:13-44
92            android:label="@string/title_history" >
92-->src/main/AndroidManifest.xml:63:13-50
93        </activity>
94
95        <!-- bookmark -->
96        <activity
96-->src/main/AndroidManifest.xml:67:9-70:20
97            android:name="com.example.myapplication.BookmarkActivity"
97-->src/main/AndroidManifest.xml:68:13-45
98            android:label="Bookmark" >
98-->src/main/AndroidManifest.xml:69:13-37
99        </activity>
100
101        <meta-data
101-->src/main/AndroidManifest.xml:72:9-74:55
102            android:name="com.google.android.geo.API_KEY"
102-->src/main/AndroidManifest.xml:73:13-58
103            android:value="@string/google_maps_key" />
103-->src/main/AndroidManifest.xml:74:13-52
104        <!-- Needs to be explicitly declared on P+ -->
105        <uses-library
105-->[com.google.android.gms:play-services-maps:17.0.0] AndroidManifest.xml:33:9-35:40
106            android:name="org.apache.http.legacy"
106-->[com.google.android.gms:play-services-maps:17.0.0] AndroidManifest.xml:34:13-50
107            android:required="false" />
107-->[com.google.android.gms:play-services-maps:17.0.0] AndroidManifest.xml:35:13-37
108
109        <activity
109-->[com.google.android.gms:play-services-base:17.0.0] AndroidManifest.xml:23:9-26:75
110            android:name="com.google.android.gms.common.api.GoogleApiActivity"
110-->[com.google.android.gms:play-services-base:17.0.0] AndroidManifest.xml:24:13-79
111            android:exported="false"
111-->[com.google.android.gms:play-services-base:17.0.0] AndroidManifest.xml:25:13-37
112            android:theme="@android:style/Theme.Translucent.NoTitleBar" />
112-->[com.google.android.gms:play-services-base:17.0.0] AndroidManifest.xml:26:13-72
113
114        <meta-data
114-->src/main/AndroidManifest.xml:86:5-88:65
115            android:name="com.google.android.gms.version"
115-->src/main/AndroidManifest.xml:87:9-54
116            android:value="@integer/google_play_services_version" />
116-->src/main/AndroidManifest.xml:88:9-62
117    </application>
118
119</manifest>